Using pre-set license
Built from '2020.3/staging' branch; Version is '2020.3.10f1 (297d780c91bc) revision 2719096'; Using compiler version '192528614'; Build Type 'Release'
OS: 'Windows 10 Pro; OS build 19041.1083; Version 2004; 64bit' Language: 'en' Physical Memory: 16343 MB
BatchMode: 1, IsHumanControllingUs: 0, StartBugReporterOnCrash: 0, Is64bit: 1, IsPro: 0

 COMMAND LINE ARGUMENTS:
C:\Program Files\Unity\Hub\Editor\2020.3.10f1\Editor\Unity.exe
-adb2
-batchMode
-noUpm
-name
AssetImportWorker0
-projectPath
C:/Users/Jeffl/Downloads/help
-logFile
Logs/AssetImportWorker0.log
-srvPort
59755
Successfully changed project path to: C:/Users/Jeffl/Downloads/help
C:/Users/Jeffl/Downloads/help
Using Asset Import Pipeline V2.
Refreshing native plugins compatible for Editor in 78.39 ms, found 2 plugins.
Preloading 0 native plugins for Editor in 0.00 ms.
Initialize engine version: 2020.3.10f1 (297d780c91bc)
[Subsystems] Discovering subsystems at path C:/Program Files/Unity/Hub/Editor/2020.3.10f1/Editor/Data/Resources/UnitySubsystems
[Subsystems] Discovering subsystems at path C:/Users/Jeffl/Downloads/help/Assets
GfxDevice: creating device client; threaded=0
Direct3D:
    Version:  Direct3D 11.0 [level 11.1]
    Renderer: NVIDIA GeForce GTX 1060 6GB (ID=0x1c03)
    Vendor:   
    VRAM:     6052 MB
    Driver:   27.21.14.5671
Initialize mono
Mono path[0] = 'C:/Program Files/Unity/Hub/Editor/2020.3.10f1/Editor/Data/Managed'
Mono path[1] = 'C:/Program Files/Unity/Hub/Editor/2020.3.10f1/Editor/Data/MonoBleedingEdge/lib/mono/unityjit'
Mono config path = 'C:/Program Files/Unity/Hub/Editor/2020.3.10f1/Editor/Data/MonoBleedingEdge/etc'
Using monoOptions --debugger-agent=transport=dt_socket,embedding=1,server=y,suspend=n,address=127.0.0.1:56944
Begin MonoManager ReloadAssembly
Registering precompiled unity dll's ...
Register platform support module: C:/Program Files/Unity/Hub/Editor/2020.3.10f1/Editor/Data/PlaybackEngines/WindowsStandaloneSupport/UnityEditor.WindowsStandalone.Extensions.dll
Registered in 0.002636 seconds.
Native extension for WindowsStandalone target not found
Refreshing native plugins compatible for Editor in 72.24 ms, found 2 plugins.
Preloading 0 native plugins for Editor in 0.00 ms.
Mono: successfully reloaded assembly
- Completed reload, in  1.382 seconds
Platform modules already initialized, skipping
Registering precompiled user dll's ...
Registered in 0.007515 seconds.
Begin MonoManager ReloadAssembly
Native extension for WindowsStandalone target not found
Refreshing native plugins compatible for Editor in 0.82 ms, found 2 plugins.
Preloading 0 native plugins for Editor in 0.00 ms.
Mono: successfully reloaded assembly
- Completed reload, in  1.315 seconds
Platform modules already initialized, skipping
========================================================================
Worker process is ready to serve import requests
Launched and connected shader compiler UnityShaderCompiler.exe after 0.06 seconds
Refreshing native plugins compatible for Editor in 0.80 ms, found 2 plugins.
Preloading 0 native plugins for Editor in 0.00 ms.
Unloading 1781 Unused Serialized files (Serialized files now loaded: 0)
System memory in use before: 78.5 MB.
System memory in use after: 78.6 MB.

Unloading 41 unused Assets to reduce memory usage. Loaded Objects now: 2204.
Total: 2.207000 ms (FindLiveObjects: 0.162300 ms CreateObjectMapping: 0.067000 ms MarkObjects: 1.931400 ms  DeleteObjects: 0.045000 ms)

========================================================================
Received Import Request.
  path: Assets/Creator Kit - RPG/Scripts/Gameplay/ConversationPiece.cs
  artifactKey: Guid(730448048b81e42d69f963f93c668b3b) Importer(815301076,1909f56bfc062723c751e8b465ee728b)
Start importing Assets/Creator Kit - RPG/Scripts/Gameplay/ConversationPiece.cs using Guid(730448048b81e42d69f963f93c668b3b) Importer(815301076,1909f56bfc062723c751e8b465ee728b)  -> (artifact id: '97a24241dcc0378848a1527ff7992774') in 0.039350 seconds
  Import took 0.043590 seconds .

========================================================================
Received Import Request.
  Time since last request: 19.926146 seconds.
  path: Assets/Creator Kit - RPG/Scripts/Gameplay/FadingSprite.cs
  artifactKey: Guid(b5b1f64ef65a74c7cbc8d41dd19bf5f9) Importer(815301076,1909f56bfc062723c751e8b465ee728b)
Start importing Assets/Creator Kit - RPG/Scripts/Gameplay/FadingSprite.cs using Guid(b5b1f64ef65a74c7cbc8d41dd19bf5f9) Importer(815301076,1909f56bfc062723c751e8b465ee728b)  -> (artifact id: '0c982b92518bf7d7638b2819054e6bf5') in 0.011125 seconds
  Import took 0.016082 seconds .

========================================================================
Received Import Request.
  Time since last request: 0.001890 seconds.
  path: Assets/Creator Kit - RPG/Scripts/Gameplay/FadingSprite.cs
  artifactKey: Guid(b5b1f64ef65a74c7cbc8d41dd19bf5f9) Importer(815301076,1909f56bfc062723c751e8b465ee728b)
Start importing Assets/Creator Kit - RPG/Scripts/Gameplay/FadingSprite.cs using Guid(b5b1f64ef65a74c7cbc8d41dd19bf5f9) Importer(815301076,1909f56bfc062723c751e8b465ee728b)  -> (artifact id: '0c982b92518bf7d7638b2819054e6bf5') in 0.004146 seconds
  Import took 0.007905 seconds .

========================================================================
Received Import Request.
  Time since last request: 1.477312 seconds.
  path: Assets/Creator Kit - RPG/Scripts/Gameplay/CloudSystem.cs
  artifactKey: Guid(ca43028c713fc47899d7525a9e41b8bc) Importer(815301076,1909f56bfc062723c751e8b465ee728b)
Start importing Assets/Creator Kit - RPG/Scripts/Gameplay/CloudSystem.cs using Guid(ca43028c713fc47899d7525a9e41b8bc) Importer(815301076,1909f56bfc062723c751e8b465ee728b)  -> (artifact id: 'ccb899303a6f23f22ec51b75ab5fb971') in 0.008914 seconds
  Import took 0.013123 seconds .

========================================================================
Received Prepare
Registering precompiled user dll's ...
Registered in 0.007687 seconds.
Begin MonoManager ReloadAssembly
Native extension for WindowsStandalone target not found
Refreshing native plugins compatible for Editor in 0.84 ms, found 2 plugins.
Preloading 0 native plugins for Editor in 0.00 ms.
Mono: successfully reloaded assembly
- Completed reload, in  1.356 seconds
Platform modules already initialized, skipping
Refreshing native plugins compatible for Editor in 1.40 ms, found 2 plugins.
Preloading 0 native plugins for Editor in 0.00 ms.
Unloading 1762 Unused Serialized files (Serialized files now loaded: 0)
System memory in use before: 77.1 MB.
System memory in use after: 77.2 MB.

Unloading 33 unused Assets to reduce memory usage. Loaded Objects now: 2207.
Total: 2.724200 ms (FindLiveObjects: 0.229400 ms CreateObjectMapping: 0.134600 ms MarkObjects: 2.321500 ms  DeleteObjects: 0.037100 ms)

========================================================================
Received Prepare
Registering precompiled user dll's ...
Registered in 0.008353 seconds.
Begin MonoManager ReloadAssembly
Native extension for WindowsStandalone target not found
Refreshing native plugins compatible for Editor in 0.87 ms, found 2 plugins.
Preloading 0 native plugins for Editor in 0.00 ms.
Mono: successfully reloaded assembly
- Completed reload, in  1.273 seconds
Platform modules already initialized, skipping
Refreshing native plugins compatible for Editor in 0.92 ms, found 2 plugins.
Preloading 0 native plugins for Editor in 0.00 ms.
Unloading 1762 Unused Serialized files (Serialized files now loaded: 0)
System memory in use before: 77.1 MB.
System memory in use after: 77.2 MB.

Unloading 33 unused Assets to reduce memory usage. Loaded Objects now: 2210.
Total: 2.912700 ms (FindLiveObjects: 0.171100 ms CreateObjectMapping: 0.068000 ms MarkObjects: 2.607000 ms  DeleteObjects: 0.064700 ms)

========================================================================
Received Import Request.
  Time since last request: 520.192960 seconds.
  path: Assets/Creator Kit - RPG/Scripts/Progress Bar/ProgressBar.cs
  artifactKey: Guid(2e4fc976ff533344f8c521edacc14892) Importer(815301076,1909f56bfc062723c751e8b465ee728b)
Start importing Assets/Creator Kit - RPG/Scripts/Progress Bar/ProgressBar.cs using Guid(2e4fc976ff533344f8c521edacc14892) Importer(815301076,1909f56bfc062723c751e8b465ee728b)  -> (artifact id: '1d5bdc8d530d4e5750e9499a16090fc6') in 0.018143 seconds
  Import took 0.024618 seconds .

========================================================================
Received Import Request.
  Time since last request: 0.004466 seconds.
  path: Assets/Creator Kit - RPG/Scripts/Progress Bar/ProgressBar.cs
  artifactKey: Guid(2e4fc976ff533344f8c521edacc14892) Importer(815301076,1909f56bfc062723c751e8b465ee728b)
Start importing Assets/Creator Kit - RPG/Scripts/Progress Bar/ProgressBar.cs using Guid(2e4fc976ff533344f8c521edacc14892) Importer(815301076,1909f56bfc062723c751e8b465ee728b)  -> (artifact id: '1d5bdc8d530d4e5750e9499a16090fc6') in 0.005147 seconds
  Import took 0.010135 seconds .

========================================================================
Received Prepare
Registering precompiled user dll's ...
Registered in 0.007200 seconds.
Begin MonoManager ReloadAssembly
Native extension for WindowsStandalone target not found
Refreshing native plugins compatible for Editor in 0.80 ms, found 2 plugins.
Preloading 0 native plugins for Editor in 0.00 ms.
Mono: successfully reloaded assembly
- Completed reload, in  1.374 seconds
Platform modules already initialized, skipping
Refreshing native plugins compatible for Editor in 1.11 ms, found 2 plugins.
Preloading 0 native plugins for Editor in 0.00 ms.
Unloading 1763 Unused Serialized files (Serialized files now loaded: 0)
System memory in use before: 77.1 MB.
System memory in use after: 77.3 MB.

Unloading 33 unused Assets to reduce memory usage. Loaded Objects now: 2214.
Total: 2.703100 ms (FindLiveObjects: 0.271200 ms CreateObjectMapping: 0.071600 ms MarkObjects: 2.315400 ms  DeleteObjects: 0.042400 ms)

========================================================================
Received Import Request.
  Time since last request: 29.067946 seconds.
  path: Assets/Creator Kit - RPG/Scripts/Progress Bar/ProgressBar.cs
  artifactKey: Guid(2e4fc976ff533344f8c521edacc14892) Importer(815301076,1909f56bfc062723c751e8b465ee728b)
Start importing Assets/Creator Kit - RPG/Scripts/Progress Bar/ProgressBar.cs using Guid(2e4fc976ff533344f8c521edacc14892) Importer(815301076,1909f56bfc062723c751e8b465ee728b)  -> (artifact id: '1195debe45bde3992072008589c888a2') in 0.009490 seconds
  Import took 0.013431 seconds .

========================================================================
Received Prepare
Registering precompiled user dll's ...
Registered in 0.007898 seconds.
Begin MonoManager ReloadAssembly
Native extension for WindowsStandalone target not found
Refreshing native plugins compatible for Editor in 0.85 ms, found 2 plugins.
Preloading 0 native plugins for Editor in 0.00 ms.
Mono: successfully reloaded assembly
- Completed reload, in  1.398 seconds
Platform modules already initialized, skipping
Refreshing native plugins compatible for Editor in 0.87 ms, found 2 plugins.
Preloading 0 native plugins for Editor in 0.00 ms.
Unloading 1763 Unused Serialized files (Serialized files now loaded: 0)
System memory in use before: 77.2 MB.
System memory in use after: 77.3 MB.

Unloading 33 unused Assets to reduce memory usage. Loaded Objects now: 2217.
Total: 2.327800 ms (FindLiveObjects: 0.221400 ms CreateObjectMapping: 0.088100 ms MarkObjects: 1.983300 ms  DeleteObjects: 0.033200 ms)

========================================================================
Received Prepare
Registering precompiled user dll's ...
Registered in 0.006931 seconds.
Begin MonoManager ReloadAssembly
Native extension for WindowsStandalone target not found
Refreshing native plugins compatible for Editor in 0.92 ms, found 2 plugins.
Preloading 0 native plugins for Editor in 0.00 ms.
Mono: successfully reloaded assembly
- Completed reload, in  1.394 seconds
Platform modules already initialized, skipping
Refreshing native plugins compatible for Editor in 1.11 ms, found 2 plugins.
Preloading 0 native plugins for Editor in 0.00 ms.
Unloading 1763 Unused Serialized files (Serialized files now loaded: 0)
System memory in use before: 77.2 MB.
System memory in use after: 77.3 MB.

Unloading 33 unused Assets to reduce memory usage. Loaded Objects now: 2220.
Total: 2.886000 ms (FindLiveObjects: 0.164600 ms CreateObjectMapping: 0.067600 ms MarkObjects: 2.615700 ms  DeleteObjects: 0.035500 ms)

========================================================================
Received Prepare
Registering precompiled user dll's ...
Registered in 0.007573 seconds.
Begin MonoManager ReloadAssembly
Native extension for WindowsStandalone target not found
Refreshing native plugins compatible for Editor in 0.82 ms, found 2 plugins.
Preloading 0 native plugins for Editor in 0.00 ms.
Mono: successfully reloaded assembly
- Completed reload, in  1.340 seconds
Platform modules already initialized, skipping
Refreshing native plugins compatible for Editor in 0.97 ms, found 2 plugins.
Preloading 0 native plugins for Editor in 0.00 ms.
Unloading 1763 Unused Serialized files (Serialized files now loaded: 0)
System memory in use before: 77.2 MB.
System memory in use after: 77.3 MB.

Unloading 33 unused Assets to reduce memory usage. Loaded Objects now: 2223.
Total: 2.183400 ms (FindLiveObjects: 0.198900 ms CreateObjectMapping: 0.075900 ms MarkObjects: 1.878800 ms  DeleteObjects: 0.028300 ms)

